
*** Running vivado
    with args -log Total.vds -m64 -mode batch -messageDb vivado.pb -notrace -source Total.tcl


****** Vivado v2015.2 (64-bit)
  **** SW Build 1266856 on Fri Jun 26 16:35:25 MDT 2015
  **** IP Build 1264090 on Wed Jun 24 14:22:01 MDT 2015
    ** Copyright 1986-2015 Xilinx, Inc. All Rights Reserved.

source Total.tcl -notrace
WARNING: [Board 49-26] cannot add Board Part digilentinc.com:arty-s7-25:part0:1.0 available at /opt/xilinx/vivado/2015.2/Vivado/2015.2/data/boards/board_files/arty-s7-25/E.0/board.xml as part xc7s25csga324-1 specified in board_part file is either invalid or not available
WARNING: [Board 49-26] cannot add Board Part digilentinc.com:arty-s7-50:part0:1.0 available at /opt/xilinx/vivado/2015.2/Vivado/2015.2/data/boards/board_files/arty-s7-50/B.0/board.xml as part xc7s50csga324-1 specified in board_part file is either invalid or not available
WARNING: [Board 49-26] cannot add Board Part digilentinc.com:cmod-s7-25:part0:1.0 available at /opt/xilinx/vivado/2015.2/Vivado/2015.2/data/boards/board_files/cmod-s7-25/B.0/board.xml as part xc7s25csga225-1 specified in board_part file is either invalid or not available
WARNING: [Board 49-26] cannot add Board Part digilentinc.com:cora-z7-07s:part0:1.0 available at /opt/xilinx/vivado/2015.2/Vivado/2015.2/data/boards/board_files/cora-z7-07s/B.0/board.xml as part xc7z007sclg400-1 specified in board_part file is either invalid or not available
Command: synth_design -top Total -part xc7a100tcsg324-3
Starting synth_design
Attempting to get a license for feature 'Synthesis' and/or device 'xc7a100t'
INFO: [Common 17-349] Got license for feature 'Synthesis' and/or device 'xc7a100t'
INFO: [Common 17-1223] The version limit for your license is '2018.06' and will expire in -194 days. A version limit expiration means that, although you may be able to continue to use the current version of tools or IP with this license, you will not be eligible for any updates or new releases.
---------------------------------------------------------------------------------
Starting RTL Elaboration : Time (s): cpu = 00:00:04 ; elapsed = 00:00:05 . Memory (MB): peak = 1085.910 ; gain = 174.520 ; free physical = 12222 ; free virtual = 29854
---------------------------------------------------------------------------------
INFO: [Synth 8-638] synthesizing module 'Total' [/net/e/amouhagir/Desktop/project_Tetris/project_Tetris.srcs/sources_1/new/Total.vhd:53]
	Parameter pixel bound to: 3 - type: integer 
INFO: [Synth 8-638] synthesizing module 'Anti_reponds' [/net/e/amouhagir/Desktop/project_Tetris/project_Tetris.srcs/sources_1/new/Anti_reponds.vhd:51]
INFO: [Synth 8-638] synthesizing module 'anti_rebond' [/net/e/amouhagir/Desktop/project_Tetris/project_Tetris.srcs/sources_1/new/anti_rebond.vhd:40]
INFO: [Synth 8-256] done synthesizing module 'anti_rebond' (1#1) [/net/e/amouhagir/Desktop/project_Tetris/project_Tetris.srcs/sources_1/new/anti_rebond.vhd:40]
INFO: [Synth 8-256] done synthesizing module 'Anti_reponds' (2#1) [/net/e/amouhagir/Desktop/project_Tetris/project_Tetris.srcs/sources_1/new/Anti_reponds.vhd:51]
INFO: [Synth 8-638] synthesizing module 'Gestion_temps' [/net/e/amouhagir/Desktop/project_Tetris/project_Tetris.srcs/sources_1/new/Gestion_temps.vhd:32]
INFO: [Synth 8-638] synthesizing module 'random_gen_V1' [/net/e/amouhagir/Desktop/project_Tetris/project_Tetris.srcs/sources_1/new/random_gen_v1.vhd:39]
	Parameter size bound to: 168 - type: integer 
	Parameter seed bound to: 2016 - type: integer 
	Parameter cycle bound to: 1 - type: integer 
	Parameter outpt bound to: 3 - type: integer 
INFO: [Synth 8-256] done synthesizing module 'random_gen_V1' (3#1) [/net/e/amouhagir/Desktop/project_Tetris/project_Tetris.srcs/sources_1/new/random_gen_v1.vhd:39]
INFO: [Synth 8-256] done synthesizing module 'Gestion_temps' (4#1) [/net/e/amouhagir/Desktop/project_Tetris/project_Tetris.srcs/sources_1/new/Gestion_temps.vhd:32]
INFO: [Synth 8-638] synthesizing module 'Controller' [/net/e/amouhagir/Desktop/project_Tetris/project_Tetris.srcs/sources_1/new/Controller.vhd:50]
INFO: [Synth 8-256] done synthesizing module 'Controller' (5#1) [/net/e/amouhagir/Desktop/project_Tetris/project_Tetris.srcs/sources_1/new/Controller.vhd:50]
INFO: [Synth 8-638] synthesizing module 'Board_Controller' [/net/e/amouhagir/Desktop/project_Tetris/project_Tetris.srcs/sources_1/new/Board_Controller.vhd:44]
INFO: [Synth 8-256] done synthesizing module 'Board_Controller' (6#1) [/net/e/amouhagir/Desktop/project_Tetris/project_Tetris.srcs/sources_1/new/Board_Controller.vhd:44]
INFO: [Synth 8-638] synthesizing module 'Affichage' [/net/e/amouhagir/Desktop/project_Tetris/project_Tetris.srcs/sources_1/new/Affichage.vhd:45]
	Parameter bit_per_pixel bound to: 3 - type: integer 
INFO: [Synth 8-256] done synthesizing module 'Affichage' (7#1) [/net/e/amouhagir/Desktop/project_Tetris/project_Tetris.srcs/sources_1/new/Affichage.vhd:45]
INFO: [Synth 8-638] synthesizing module 'VGA_bitmap_160x100' [/net/e/amouhagir/Desktop/project_Tetris/project_Tetris.srcs/sources_1/new/vga_bitmap_160x100.vhd:45]
	Parameter bit_per_pixel bound to: 3 - type: integer 
	Parameter grayscale bound to: 0 - type: bool 
INFO: [Synth 8-256] done synthesizing module 'VGA_bitmap_160x100' (8#1) [/net/e/amouhagir/Desktop/project_Tetris/project_Tetris.srcs/sources_1/new/vga_bitmap_160x100.vhd:45]
INFO: [Synth 8-638] synthesizing module 'Afficheur_7SEG' [/net/e/amouhagir/Desktop/project_Tetris/project_Tetris.srcs/sources_1/new/Afficheur_7SEG.vhd:38]
INFO: [Synth 8-638] synthesizing module 'Trans' [/net/e/amouhagir/Desktop/project_Tetris/project_Tetris.srcs/sources_1/new/Trans.vhd:48]
INFO: [Synth 8-256] done synthesizing module 'Trans' (9#1) [/net/e/amouhagir/Desktop/project_Tetris/project_Tetris.srcs/sources_1/new/Trans.vhd:48]
INFO: [Synth 8-638] synthesizing module 'mod8' [/net/e/amouhagir/Desktop/project_Tetris/project_Tetris.srcs/sources_1/new/mod8.vhd:42]
INFO: [Synth 8-256] done synthesizing module 'mod8' (10#1) [/net/e/amouhagir/Desktop/project_Tetris/project_Tetris.srcs/sources_1/new/mod8.vhd:42]
INFO: [Synth 8-638] synthesizing module 'mux8' [/net/e/amouhagir/Desktop/project_Tetris/project_Tetris.srcs/sources_1/new/mux8.vhd:48]
INFO: [Synth 8-256] done synthesizing module 'mux8' (11#1) [/net/e/amouhagir/Desktop/project_Tetris/project_Tetris.srcs/sources_1/new/mux8.vhd:48]
INFO: [Synth 8-256] done synthesizing module 'Afficheur_7SEG' (12#1) [/net/e/amouhagir/Desktop/project_Tetris/project_Tetris.srcs/sources_1/new/Afficheur_7SEG.vhd:38]
INFO: [Synth 8-256] done synthesizing module 'Total' (13#1) [/net/e/amouhagir/Desktop/project_Tetris/project_Tetris.srcs/sources_1/new/Total.vhd:53]
---------------------------------------------------------------------------------
Finished RTL Elaboration : Time (s): cpu = 00:00:11 ; elapsed = 00:00:16 . Memory (MB): peak = 1246.262 ; gain = 334.871 ; free physical = 12062 ; free virtual = 29694
---------------------------------------------------------------------------------

Report Check Netlist: 
+------+------------------+-------+---------+-------+------------------+
|      |Item              |Errors |Warnings |Status |Description       |
+------+------------------+-------+---------+-------+------------------+
|1     |multi_driven_nets |      0|        0|Passed |Multi driven nets |
+------+------------------+-------+---------+-------+------------------+
---------------------------------------------------------------------------------
Finished RTL Optimization Phase 1 : Time (s): cpu = 00:00:12 ; elapsed = 00:00:21 . Memory (MB): peak = 1246.262 ; gain = 334.871 ; free physical = 12059 ; free virtual = 29693
---------------------------------------------------------------------------------
INFO: [Device 21-403] Loading part xc7a100tcsg324-3
INFO: [Project 1-570] Preparing netlist for logic optimization

Processing XDC Constraints
Initializing timing engine
Parsing XDC File [/net/e/amouhagir/Desktop/project_Tetris/project_Tetris.srcs/constrs_1/new/Tetris_DDR.xdc]
Finished Parsing XDC File [/net/e/amouhagir/Desktop/project_Tetris/project_Tetris.srcs/constrs_1/new/Tetris_DDR.xdc]
Completed Processing XDC Constraints

INFO: [Project 1-111] Unisim Transformation Summary:
No Unisim elements were transformed.

Constraint Validation Runtime : Time (s): cpu = 00:00:00.07 ; elapsed = 00:00:00.02 . Memory (MB): peak = 1565.223 ; gain = 1.000 ; free physical = 11822 ; free virtual = 29456
---------------------------------------------------------------------------------
Finished Constraint Validation : Time (s): cpu = 00:00:18 ; elapsed = 00:00:31 . Memory (MB): peak = 1565.223 ; gain = 653.832 ; free physical = 11819 ; free virtual = 29453
---------------------------------------------------------------------------------
---------------------------------------------------------------------------------
Start Loading Part and Timing Information
---------------------------------------------------------------------------------
Loading part: xc7a100tcsg324-3
---------------------------------------------------------------------------------
Finished Loading Part and Timing Information : Time (s): cpu = 00:00:18 ; elapsed = 00:00:31 . Memory (MB): peak = 1565.223 ; gain = 653.832 ; free physical = 11819 ; free virtual = 29453
---------------------------------------------------------------------------------
---------------------------------------------------------------------------------
Start Applying 'set_property' XDC Constraints
---------------------------------------------------------------------------------
incorrect argument "-dict" for "set_property" at line 7 of file /net/e/amouhagir/Desktop/project_Tetris/project_Tetris.srcs/constrs_1/new/Tetris_DDR.xdc
incorrect set of required parameters for "set_property" at line 7 of file /net/e/amouhagir/Desktop/project_Tetris/project_Tetris.srcs/constrs_1/new/Tetris_DDR.xdc
---------------------------------------------------------------------
Usage:
  set_property
    [-help]
    [-quiet]
    attribute
    value
    object
    [{>|>>} <stdoutFile>]
---------------------------------------------------------------------
incorrect argument "-dict" for "set_property" at line 60 of file /net/e/amouhagir/Desktop/project_Tetris/project_Tetris.srcs/constrs_1/new/Tetris_DDR.xdc
incorrect set of required parameters for "set_property" at line 60 of file /net/e/amouhagir/Desktop/project_Tetris/project_Tetris.srcs/constrs_1/new/Tetris_DDR.xdc
---------------------------------------------------------------------
Usage:
  set_property
    [-help]
    [-quiet]
    attribute
    value
    object
    [{>|>>} <stdoutFile>]
---------------------------------------------------------------------
incorrect argument "-dict" for "set_property" at line 61 of file /net/e/amouhagir/Desktop/project_Tetris/project_Tetris.srcs/constrs_1/new/Tetris_DDR.xdc
incorrect set of required parameters for "set_property" at line 61 of file /net/e/amouhagir/Desktop/project_Tetris/project_Tetris.srcs/constrs_1/new/Tetris_DDR.xdc
---------------------------------------------------------------------
Usage:
  set_property
    [-help]
    [-quiet]
    attribute
    value
    object
    [{>|>>} <stdoutFile>]
---------------------------------------------------------------------
incorrect argument "-dict" for "set_property" at line 62 of file /net/e/amouhagir/Desktop/project_Tetris/project_Tetris.srcs/constrs_1/new/Tetris_DDR.xdc
incorrect set of required parameters for "set_property" at line 62 of file /net/e/amouhagir/Desktop/project_Tetris/project_Tetris.srcs/constrs_1/new/Tetris_DDR.xdc
---------------------------------------------------------------------
Usage:
  set_property
    [-help]
    [-quiet]
    attribute
    value
    object
    [{>|>>} <stdoutFile>]
---------------------------------------------------------------------
incorrect argument "-dict" for "set_property" at line 63 of file /net/e/amouhagir/Desktop/project_Tetris/project_Tetris.srcs/constrs_1/new/Tetris_DDR.xdc
incorrect set of required parameters for "set_property" at line 63 of file /net/e/amouhagir/Desktop/project_Tetris/project_Tetris.srcs/constrs_1/new/Tetris_DDR.xdc
---------------------------------------------------------------------
Usage:
  set_property
    [-help]
    [-quiet]
    attribute
    value
    object
    [{>|>>} <stdoutFile>]
---------------------------------------------------------------------
incorrect argument "-dict" for "set_property" at line 64 of file /net/e/amouhagir/Desktop/project_Tetris/project_Tetris.srcs/constrs_1/new/Tetris_DDR.xdc
incorrect set of required parameters for "set_property" at line 64 of file /net/e/amouhagir/Desktop/project_Tetris/project_Tetris.srcs/constrs_1/new/Tetris_DDR.xdc
---------------------------------------------------------------------
Usage:
  set_property
    [-help]
    [-quiet]
    attribute
    value
    object
    [{>|>>} <stdoutFile>]
---------------------------------------------------------------------
incorrect argument "-dict" for "set_property" at line 65 of file /net/e/amouhagir/Desktop/project_Tetris/project_Tetris.srcs/constrs_1/new/Tetris_DDR.xdc
incorrect set of required parameters for "set_property" at line 65 of file /net/e/amouhagir/Desktop/project_Tetris/project_Tetris.srcs/constrs_1/new/Tetris_DDR.xdc
---------------------------------------------------------------------
Usage:
  set_property
    [-help]
    [-quiet]
    attribute
    value
    object
    [{>|>>} <stdoutFile>]
---------------------------------------------------------------------
incorrect argument "-dict" for "set_property" at line 66 of file /net/e/amouhagir/Desktop/project_Tetris/project_Tetris.srcs/constrs_1/new/Tetris_DDR.xdc
incorrect set of required parameters for "set_property" at line 66 of file /net/e/amouhagir/Desktop/project_Tetris/project_Tetris.srcs/constrs_1/new/Tetris_DDR.xdc
---------------------------------------------------------------------
Usage:
  set_property
    [-help]
    [-quiet]
    attribute
    value
    object
    [{>|>>} <stdoutFile>]
---------------------------------------------------------------------
incorrect argument "-dict" for "set_property" at line 68 of file /net/e/amouhagir/Desktop/project_Tetris/project_Tetris.srcs/constrs_1/new/Tetris_DDR.xdc
incorrect set of required parameters for "set_property" at line 68 of file /net/e/amouhagir/Desktop/project_Tetris/project_Tetris.srcs/constrs_1/new/Tetris_DDR.xdc
---------------------------------------------------------------------
Usage:
  set_property
    [-help]
    [-quiet]
    attribute
    value
    object
    [{>|>>} <stdoutFile>]
---------------------------------------------------------------------
incorrect argument "-dict" for "set_property" at line 70 of file /net/e/amouhagir/Desktop/project_Tetris/project_Tetris.srcs/constrs_1/new/Tetris_DDR.xdc
incorrect set of required parameters for "set_property" at line 70 of file /net/e/amouhagir/Desktop/project_Tetris/project_Tetris.srcs/constrs_1/new/Tetris_DDR.xdc
---------------------------------------------------------------------
Usage:
  set_property
    [-help]
    [-quiet]
    attribute
    value
    object
    [{>|>>} <stdoutFile>]
---------------------------------------------------------------------
incorrect argument "-dict" for "set_property" at line 71 of file /net/e/amouhagir/Desktop/project_Tetris/project_Tetris.srcs/constrs_1/new/Tetris_DDR.xdc
incorrect set of required parameters for "set_property" at line 71 of file /net/e/amouhagir/Desktop/project_Tetris/project_Tetris.srcs/constrs_1/new/Tetris_DDR.xdc
---------------------------------------------------------------------
Usage:
  set_property
    [-help]
    [-quiet]
    attribute
    value
    object
    [{>|>>} <stdoutFile>]
---------------------------------------------------------------------
incorrect argument "-dict" for "set_property" at line 72 of file /net/e/amouhagir/Desktop/project_Tetris/project_Tetris.srcs/constrs_1/new/Tetris_DDR.xdc
incorrect set of required parameters for "set_property" at line 72 of file /net/e/amouhagir/Desktop/project_Tetris/project_Tetris.srcs/constrs_1/new/Tetris_DDR.xdc
---------------------------------------------------------------------
Usage:
  set_property
    [-help]
    [-quiet]
    attribute
    value
    object
    [{>|>>} <stdoutFile>]
---------------------------------------------------------------------
incorrect argument "-dict" for "set_property" at line 73 of file /net/e/amouhagir/Desktop/project_Tetris/project_Tetris.srcs/constrs_1/new/Tetris_DDR.xdc
incorrect set of required parameters for "set_property" at line 73 of file /net/e/amouhagir/Desktop/project_Tetris/project_Tetris.srcs/constrs_1/new/Tetris_DDR.xdc
---------------------------------------------------------------------
Usage:
  set_property
    [-help]
    [-quiet]
    attribute
    value
    object
    [{>|>>} <stdoutFile>]
---------------------------------------------------------------------
incorrect argument "-dict" for "set_property" at line 74 of file /net/e/amouhagir/Desktop/project_Tetris/project_Tetris.srcs/constrs_1/new/Tetris_DDR.xdc
incorrect set of required parameters for "set_property" at line 74 of file /net/e/amouhagir/Desktop/project_Tetris/project_Tetris.srcs/constrs_1/new/Tetris_DDR.xdc
---------------------------------------------------------------------
Usage:
  set_property
    [-help]
    [-quiet]
    attribute
    value
    object
    [{>|>>} <stdoutFile>]
---------------------------------------------------------------------
incorrect argument "-dict" for "set_property" at line 75 of file /net/e/amouhagir/Desktop/project_Tetris/project_Tetris.srcs/constrs_1/new/Tetris_DDR.xdc
incorrect set of required parameters for "set_property" at line 75 of file /net/e/amouhagir/Desktop/project_Tetris/project_Tetris.srcs/constrs_1/new/Tetris_DDR.xdc
---------------------------------------------------------------------
Usage:
  set_property
    [-help]
    [-quiet]
    attribute
    value
    object
    [{>|>>} <stdoutFile>]
---------------------------------------------------------------------
incorrect argument "-dict" for "set_property" at line 76 of file /net/e/amouhagir/Desktop/project_Tetris/project_Tetris.srcs/constrs_1/new/Tetris_DDR.xdc
incorrect set of required parameters for "set_property" at line 76 of file /net/e/amouhagir/Desktop/project_Tetris/project_Tetris.srcs/constrs_1/new/Tetris_DDR.xdc
---------------------------------------------------------------------
Usage:
  set_property
    [-help]
    [-quiet]
    attribute
    value
    object
    [{>|>>} <stdoutFile>]
---------------------------------------------------------------------
incorrect argument "-dict" for "set_property" at line 77 of file /net/e/amouhagir/Desktop/project_Tetris/project_Tetris.srcs/constrs_1/new/Tetris_DDR.xdc
incorrect set of required parameters for "set_property" at line 77 of file /net/e/amouhagir/Desktop/project_Tetris/project_Tetris.srcs/constrs_1/new/Tetris_DDR.xdc
---------------------------------------------------------------------
Usage:
  set_property
    [-help]
    [-quiet]
    attribute
    value
    object
    [{>|>>} <stdoutFile>]
---------------------------------------------------------------------
incorrect argument "-dict" for "set_property" at line 82 of file /net/e/amouhagir/Desktop/project_Tetris/project_Tetris.srcs/constrs_1/new/Tetris_DDR.xdc
incorrect set of required parameters for "set_property" at line 82 of file /net/e/amouhagir/Desktop/project_Tetris/project_Tetris.srcs/constrs_1/new/Tetris_DDR.xdc
---------------------------------------------------------------------
Usage:
  set_property
    [-help]
    [-quiet]
    attribute
    value
    object
    [{>|>>} <stdoutFile>]
---------------------------------------------------------------------
incorrect argument "-dict" for "set_property" at line 84 of file /net/e/amouhagir/Desktop/project_Tetris/project_Tetris.srcs/constrs_1/new/Tetris_DDR.xdc
incorrect set of required parameters for "set_property" at line 84 of file /net/e/amouhagir/Desktop/project_Tetris/project_Tetris.srcs/constrs_1/new/Tetris_DDR.xdc
---------------------------------------------------------------------
Usage:
  set_property
    [-help]
    [-quiet]
    attribute
    value
    object
    [{>|>>} <stdoutFile>]
---------------------------------------------------------------------
incorrect argument "-dict" for "set_property" at line 85 of file /net/e/amouhagir/Desktop/project_Tetris/project_Tetris.srcs/constrs_1/new/Tetris_DDR.xdc
incorrect set of required parameters for "set_property" at line 85 of file /net/e/amouhagir/Desktop/project_Tetris/project_Tetris.srcs/constrs_1/new/Tetris_DDR.xdc
---------------------------------------------------------------------
Usage:
  set_property
    [-help]
    [-quiet]
    attribute
    value
    object
    [{>|>>} <stdoutFile>]
---------------------------------------------------------------------
incorrect argument "-dict" for "set_property" at line 86 of file /net/e/amouhagir/Desktop/project_Tetris/project_Tetris.srcs/constrs_1/new/Tetris_DDR.xdc
incorrect set of required parameters for "set_property" at line 86 of file /net/e/amouhagir/Desktop/project_Tetris/project_Tetris.srcs/constrs_1/new/Tetris_DDR.xdc
---------------------------------------------------------------------
Usage:
  set_property
    [-help]
    [-quiet]
    attribute
    value
    object
    [{>|>>} <stdoutFile>]
---------------------------------------------------------------------
incorrect argument "-dict" for "set_property" at line 87 of file /net/e/amouhagir/Desktop/project_Tetris/project_Tetris.srcs/constrs_1/new/Tetris_DDR.xdc
incorrect set of required parameters for "set_property" at line 87 of file /net/e/amouhagir/Desktop/project_Tetris/project_Tetris.srcs/constrs_1/new/Tetris_DDR.xdc
---------------------------------------------------------------------
Usage:
  set_property
    [-help]
    [-quiet]
    attribute
    value
    object
    [{>|>>} <stdoutFile>]
---------------------------------------------------------------------
incorrect argument "-dict" for "set_property" at line 88 of file /net/e/amouhagir/Desktop/project_Tetris/project_Tetris.srcs/constrs_1/new/Tetris_DDR.xdc
incorrect set of required parameters for "set_property" at line 88 of file /net/e/amouhagir/Desktop/project_Tetris/project_Tetris.srcs/constrs_1/new/Tetris_DDR.xdc
---------------------------------------------------------------------
Usage:
  set_property
    [-help]
    [-quiet]
    attribute
    value
    object
    [{>|>>} <stdoutFile>]
---------------------------------------------------------------------
incorrect argument "-dict" for "set_property" at line 156 of file /net/e/amouhagir/Desktop/project_Tetris/project_Tetris.srcs/constrs_1/new/Tetris_DDR.xdc
incorrect set of required parameters for "set_property" at line 156 of file /net/e/amouhagir/Desktop/project_Tetris/project_Tetris.srcs/constrs_1/new/Tetris_DDR.xdc
---------------------------------------------------------------------
Usage:
  set_property
    [-help]
    [-quiet]
    attribute
    value
    object
    [{>|>>} <stdoutFile>]
---------------------------------------------------------------------
incorrect argument "-dict" for "set_property" at line 157 of file /net/e/amouhagir/Desktop/project_Tetris/project_Tetris.srcs/constrs_1/new/Tetris_DDR.xdc
incorrect set of required parameters for "set_property" at line 157 of file /net/e/amouhagir/Desktop/project_Tetris/project_Tetris.srcs/constrs_1/new/Tetris_DDR.xdc
---------------------------------------------------------------------
Usage:
  set_property
    [-help]
    [-quiet]
    attribute
    value
    object
    [{>|>>} <stdoutFile>]
---------------------------------------------------------------------
incorrect argument "-dict" for "set_property" at line 158 of file /net/e/amouhagir/Desktop/project_Tetris/project_Tetris.srcs/constrs_1/new/Tetris_DDR.xdc
incorrect set of required parameters for "set_property" at line 158 of file /net/e/amouhagir/Desktop/project_Tetris/project_Tetris.srcs/constrs_1/new/Tetris_DDR.xdc
---------------------------------------------------------------------
Usage:
  set_property
    [-help]
    [-quiet]
    attribute
    value
    object
    [{>|>>} <stdoutFile>]
---------------------------------------------------------------------
incorrect argument "-dict" for "set_property" at line 159 of file /net/e/amouhagir/Desktop/project_Tetris/project_Tetris.srcs/constrs_1/new/Tetris_DDR.xdc
incorrect set of required parameters for "set_property" at line 159 of file /net/e/amouhagir/Desktop/project_Tetris/project_Tetris.srcs/constrs_1/new/Tetris_DDR.xdc
---------------------------------------------------------------------
Usage:
  set_property
    [-help]
    [-quiet]
    attribute
    value
    object
    [{>|>>} <stdoutFile>]
---------------------------------------------------------------------
incorrect argument "-dict" for "set_property" at line 161 of file /net/e/amouhagir/Desktop/project_Tetris/project_Tetris.srcs/constrs_1/new/Tetris_DDR.xdc
incorrect set of required parameters for "set_property" at line 161 of file /net/e/amouhagir/Desktop/project_Tetris/project_Tetris.srcs/constrs_1/new/Tetris_DDR.xdc
---------------------------------------------------------------------
Usage:
  set_property
    [-help]
    [-quiet]
    attribute
    value
    object
    [{>|>>} <stdoutFile>]
---------------------------------------------------------------------
incorrect argument "-dict" for "set_property" at line 162 of file /net/e/amouhagir/Desktop/project_Tetris/project_Tetris.srcs/constrs_1/new/Tetris_DDR.xdc
incorrect set of required parameters for "set_property" at line 162 of file /net/e/amouhagir/Desktop/project_Tetris/project_Tetris.srcs/constrs_1/new/Tetris_DDR.xdc
---------------------------------------------------------------------
Usage:
  set_property
    [-help]
    [-quiet]
    attribute
    value
    object
    [{>|>>} <stdoutFile>]
---------------------------------------------------------------------
incorrect argument "-dict" for "set_property" at line 163 of file /net/e/amouhagir/Desktop/project_Tetris/project_Tetris.srcs/constrs_1/new/Tetris_DDR.xdc
incorrect set of required parameters for "set_property" at line 163 of file /net/e/amouhagir/Desktop/project_Tetris/project_Tetris.srcs/constrs_1/new/Tetris_DDR.xdc
---------------------------------------------------------------------
Usage:
  set_property
    [-help]
    [-quiet]
    attribute
    value
    object
    [{>|>>} <stdoutFile>]
---------------------------------------------------------------------
incorrect argument "-dict" for "set_property" at line 164 of file /net/e/amouhagir/Desktop/project_Tetris/project_Tetris.srcs/constrs_1/new/Tetris_DDR.xdc
incorrect set of required parameters for "set_property" at line 164 of file /net/e/amouhagir/Desktop/project_Tetris/project_Tetris.srcs/constrs_1/new/Tetris_DDR.xdc
---------------------------------------------------------------------
Usage:
  set_property
    [-help]
    [-quiet]
    attribute
    value
    object
    [{>|>>} <stdoutFile>]
---------------------------------------------------------------------
incorrect argument "-dict" for "set_property" at line 166 of file /net/e/amouhagir/Desktop/project_Tetris/project_Tetris.srcs/constrs_1/new/Tetris_DDR.xdc
incorrect set of required parameters for "set_property" at line 166 of file /net/e/amouhagir/Desktop/project_Tetris/project_Tetris.srcs/constrs_1/new/Tetris_DDR.xdc
---------------------------------------------------------------------
Usage:
  set_property
    [-help]
    [-quiet]
    attribute
    value
    object
    [{>|>>} <stdoutFile>]
---------------------------------------------------------------------
incorrect argument "-dict" for "set_property" at line 167 of file /net/e/amouhagir/Desktop/project_Tetris/project_Tetris.srcs/constrs_1/new/Tetris_DDR.xdc
incorrect set of required parameters for "set_property" at line 167 of file /net/e/amouhagir/Desktop/project_Tetris/project_Tetris.srcs/constrs_1/new/Tetris_DDR.xdc
---------------------------------------------------------------------
Usage:
  set_property
    [-help]
    [-quiet]
    attribute
    value
    object
    [{>|>>} <stdoutFile>]
---------------------------------------------------------------------
incorrect argument "-dict" for "set_property" at line 168 of file /net/e/amouhagir/Desktop/project_Tetris/project_Tetris.srcs/constrs_1/new/Tetris_DDR.xdc
incorrect set of required parameters for "set_property" at line 168 of file /net/e/amouhagir/Desktop/project_Tetris/project_Tetris.srcs/constrs_1/new/Tetris_DDR.xdc
---------------------------------------------------------------------
Usage:
  set_property
    [-help]
    [-quiet]
    attribute
    value
    object
    [{>|>>} <stdoutFile>]
---------------------------------------------------------------------
incorrect argument "-dict" for "set_property" at line 169 of file /net/e/amouhagir/Desktop/project_Tetris/project_Tetris.srcs/constrs_1/new/Tetris_DDR.xdc
incorrect set of required parameters for "set_property" at line 169 of file /net/e/amouhagir/Desktop/project_Tetris/project_Tetris.srcs/constrs_1/new/Tetris_DDR.xdc
---------------------------------------------------------------------
Usage:
  set_property
    [-help]
    [-quiet]
    attribute
    value
    object
    [{>|>>} <stdoutFile>]
---------------------------------------------------------------------
incorrect argument "-dict" for "set_property" at line 171 of file /net/e/amouhagir/Desktop/project_Tetris/project_Tetris.srcs/constrs_1/new/Tetris_DDR.xdc
incorrect set of required parameters for "set_property" at line 171 of file /net/e/amouhagir/Desktop/project_Tetris/project_Tetris.srcs/constrs_1/new/Tetris_DDR.xdc
---------------------------------------------------------------------
Usage:
  set_property
    [-help]
    [-quiet]
    attribute
    value
    object
    [{>|>>} <stdoutFile>]
---------------------------------------------------------------------
incorrect argument "-dict" for "set_property" at line 172 of file /net/e/amouhagir/Desktop/project_Tetris/project_Tetris.srcs/constrs_1/new/Tetris_DDR.xdc
incorrect set of required parameters for "set_property" at line 172 of file /net/e/amouhagir/Desktop/project_Tetris/project_Tetris.srcs/constrs_1/new/Tetris_DDR.xdc
---------------------------------------------------------------------
Usage:
  set_property
    [-help]
    [-quiet]
    attribute
    value
    object
    [{>|>>} <stdoutFile>]
---------------------------------------------------------------------
---------------------------------------------------------------------------------
Finished applying 'set_property' XDC Constraints : Time (s): cpu = 00:00:19 ; elapsed = 00:00:31 . Memory (MB): peak = 1565.223 ; gain = 653.832 ; free physical = 11819 ; free virtual = 29453
---------------------------------------------------------------------------------
INFO: [Synth 8-5544] ROM "RAND_PIECE[Blocks][1][col]" won't be mapped to Block RAM because address size (3) smaller than threshold (5)
INFO: [Synth 8-5545] ROM "cmpt" won't be mapped to RAM because address size (32) is larger than maximum supported(18)
INFO: [Synth 8-5545] ROM "Signal_perception" won't be mapped to RAM because address size (32) is larger than maximum supported(18)
INFO: [Synth 8-4471] merging register 'NEW_PIECE_reg' into 'Demande_ligneverif_reg' [/net/e/amouhagir/Desktop/project_Tetris/project_Tetris.srcs/sources_1/new/Controller.vhd:79]
INFO: [Synth 8-41] '+' operator could not be merged with '+' operator due to loss of accuracy [/net/e/amouhagir/Desktop/project_Tetris/project_Tetris.srcs/sources_1/new/Board_Controller.vhd:154]
INFO: [Synth 8-41] '+' operator could not be merged with '+' operator due to loss of accuracy [/net/e/amouhagir/Desktop/project_Tetris/project_Tetris.srcs/sources_1/new/Board_Controller.vhd:154]
INFO: [Synth 8-41] '+' operator could not be merged with '+' operator due to loss of accuracy [/net/e/amouhagir/Desktop/project_Tetris/project_Tetris.srcs/sources_1/new/Board_Controller.vhd:154]
INFO: [Synth 8-41] '+' operator could not be merged with '+' operator due to loss of accuracy [/net/e/amouhagir/Desktop/project_Tetris/project_Tetris.srcs/sources_1/new/Board_Controller.vhd:154]
INFO: [Synth 8-41] '+' operator could not be merged with '+' operator due to loss of accuracy [/net/e/amouhagir/Desktop/project_Tetris/project_Tetris.srcs/sources_1/new/Board_Controller.vhd:154]
INFO: [Synth 8-41] '+' operator could not be merged with '+' operator due to loss of accuracy [/net/e/amouhagir/Desktop/project_Tetris/project_Tetris.srcs/sources_1/new/Board_Controller.vhd:154]
INFO: [Synth 8-41] '+' operator could not be merged with '+' operator due to loss of accuracy [/net/e/amouhagir/Desktop/project_Tetris/project_Tetris.srcs/sources_1/new/Board_Controller.vhd:154]
INFO: [Synth 8-41] '+' operator could not be merged with '+' operator due to loss of accuracy [/net/e/amouhagir/Desktop/project_Tetris/project_Tetris.srcs/sources_1/new/Board_Controller.vhd:154]
INFO: [Synth 8-41] '+' operator could not be merged with '+' operator due to loss of accuracy [/net/e/amouhagir/Desktop/project_Tetris/project_Tetris.srcs/sources_1/new/Board_Controller.vhd:154]
INFO: [Synth 8-5546] ROM "table_reg[0,0]" won't be mapped to RAM because it is too sparse
INFO: [Synth 8-5546] ROM "table_reg[0,1]" won't be mapped to RAM because it is too sparse
INFO: [Synth 8-5546] ROM "table_reg[0,2]" won't be mapped to RAM because it is too sparse
INFO: [Synth 8-5546] ROM "table_reg[0,3]" won't be mapped to RAM because it is too sparse
INFO: [Synth 8-5546] ROM "table_reg[0,4]" won't be mapped to RAM because it is too sparse
INFO: [Synth 8-5546] ROM "table_reg[0,5]" won't be mapped to RAM because it is too sparse
INFO: [Synth 8-5546] ROM "table_reg[0,6]" won't be mapped to RAM because it is too sparse
INFO: [Synth 8-5546] ROM "table_reg[0,7]" won't be mapped to RAM because it is too sparse
INFO: [Synth 8-5546] ROM "table_reg[0,8]" won't be mapped to RAM because it is too sparse
INFO: [Synth 8-5546] ROM "table_reg[0,9]" won't be mapped to RAM because it is too sparse
INFO: [Synth 8-5546] ROM "table_reg[0,10]" won't be mapped to RAM because it is too sparse
INFO: [Synth 8-5546] ROM "table_reg[0,11]" won't be mapped to RAM because it is too sparse
INFO: [Synth 8-5546] ROM "table_reg[0,12]" won't be mapped to RAM because it is too sparse
INFO: [Synth 8-5546] ROM "table_reg[0,13]" won't be mapped to RAM because it is too sparse
INFO: [Synth 8-5546] ROM "table_reg[0,14]" won't be mapped to RAM because it is too sparse
INFO: [Synth 8-5546] ROM "table_reg[0,15]" won't be mapped to RAM because it is too sparse
INFO: [Synth 8-5546] ROM "table_reg[0,16]" won't be mapped to RAM because it is too sparse
INFO: [Synth 8-5546] ROM "table_reg[0,17]" won't be mapped to RAM because it is too sparse
INFO: [Synth 8-5546] ROM "table_reg[0,18]" won't be mapped to RAM because it is too sparse
INFO: [Synth 8-5546] ROM "table_reg[0,19]" won't be mapped to RAM because it is too sparse
INFO: [Synth 8-5546] ROM "table_reg[0,20]" won't be mapped to RAM because it is too sparse
INFO: [Synth 8-5546] ROM "table_reg[0,21]" won't be mapped to RAM because it is too sparse
INFO: [Synth 8-5546] ROM "table_reg[0,22]" won't be mapped to RAM because it is too sparse
INFO: [Synth 8-5546] ROM "table_reg[0,23]" won't be mapped to RAM because it is too sparse
INFO: [Synth 8-5546] ROM "table_reg[0,24]" won't be mapped to RAM because it is too sparse
INFO: [Synth 8-5546] ROM "table_reg[0,0]" won't be mapped to RAM because it is too sparse
INFO: [Synth 8-5546] ROM "table_reg[0,1]" won't be mapped to RAM because it is too sparse
INFO: [Synth 8-5546] ROM "table_reg[0,2]" won't be mapped to RAM because it is too sparse
INFO: [Synth 8-5546] ROM "table_reg[0,3]" won't be mapped to RAM because it is too sparse
INFO: [Synth 8-5546] ROM "table_reg[0,4]" won't be mapped to RAM because it is too sparse
INFO: [Synth 8-5546] ROM "table_reg[0,5]" won't be mapped to RAM because it is too sparse
INFO: [Synth 8-5546] ROM "table_reg[0,6]" won't be mapped to RAM because it is too sparse
INFO: [Synth 8-5546] ROM "table_reg[0,7]" won't be mapped to RAM because it is too sparse
INFO: [Synth 8-5546] ROM "table_reg[0,8]" won't be mapped to RAM because it is too sparse
INFO: [Synth 8-5546] ROM "table_reg[0,9]" won't be mapped to RAM because it is too sparse
INFO: [Synth 8-5546] ROM "table_reg[0,10]" won't be mapped to RAM because it is too sparse
INFO: [Synth 8-5546] ROM "table_reg[0,11]" won't be mapped to RAM because it is too sparse
INFO: [Synth 8-5546] ROM "table_reg[0,12]" won't be mapped to RAM because it is too sparse
INFO: [Synth 8-5546] ROM "table_reg[0,13]" won't be mapped to RAM because it is too sparse
INFO: [Synth 8-5546] ROM "table_reg[0,14]" won't be mapped to RAM because it is too sparse
INFO: [Synth 8-5546] ROM "table_reg[0,15]" won't be mapped to RAM because it is too sparse
INFO: [Synth 8-5546] ROM "table_reg[0,16]" won't be mapped to RAM because it is too sparse
INFO: [Synth 8-5546] ROM "table_reg[0,17]" won't be mapped to RAM because it is too sparse
INFO: [Synth 8-5546] ROM "table_reg[0,18]" won't be mapped to RAM because it is too sparse
INFO: [Synth 8-5546] ROM "table_reg[0,19]" won't be mapped to RAM because it is too sparse
INFO: [Synth 8-5546] ROM "table_reg[0,20]" won't be mapped to RAM because it is too sparse
INFO: [Synth 8-5546] ROM "table_reg[0,21]" won't be mapped to RAM because it is too sparse
INFO: [Synth 8-5546] ROM "table_reg[0,22]" won't be mapped to RAM because it is too sparse
INFO: [Synth 8-5546] ROM "table_reg[0,23]" won't be mapped to RAM because it is too sparse
INFO: [Synth 8-5546] ROM "table_reg[0,24]" won't be mapped to RAM because it is too sparse
INFO: [Synth 8-802] inferred FSM for state register 'etat_reg' in module 'Affichage'
INFO: [Synth 8-5546] ROM "VGA_vs" won't be mapped to RAM because it is too sparse
INFO: [Synth 8-5546] ROM "TOP_display" won't be mapped to RAM because it is too sparse
INFO: [Synth 8-5546] ROM "VGA_hs" won't be mapped to RAM because it is too sparse
INFO: [Synth 8-5546] ROM "TOP_line" won't be mapped to RAM because it is too sparse
INFO: [Synth 8-5546] ROM "v_counter" won't be mapped to RAM because it is too sparse
ROM size is below threshold of ROM address width. It will be mapped to LUTs
ROM size is below threshold of ROM address width. It will be mapped to LUTs
ROM size is below threshold of ROM address width. It will be mapped to LUTs
ROM size is below threshold of ROM address width. It will be mapped to LUTs
ROM size is below threshold of ROM address width. It will be mapped to LUTs
---------------------------------------------------------------------------------------------------
                   State |                     New Encoding |                     Old Encoding 
---------------------------------------------------------------------------------------------------
                   start |                              000 |                              000
           draw_bordures |                              001 |                              100
              draw_piece |                              010 |                              010
              draw_board |                              011 |                              011
                 fingame |                              100 |                              001
---------------------------------------------------------------------------------------------------
INFO: [Synth 8-3354] encoded FSM with state register 'etat_reg' using encoding 'sequential' in module 'Affichage'
---------------------------------------------------------------------------------
Finished RTL Optimization Phase 2 : Time (s): cpu = 00:00:27 ; elapsed = 00:00:39 . Memory (MB): peak = 1565.223 ; gain = 653.832 ; free physical = 11793 ; free virtual = 29427
---------------------------------------------------------------------------------

Report RTL Partitions: 
+-+--------------+------------+----------+
| |RTL Partition |Replication |Instances |
+-+--------------+------------+----------+
+-+--------------+------------+----------+
---------------------------------------------------------------------------------
Start RTL Component Statistics 
---------------------------------------------------------------------------------
Detailed RTL Component Info : 
+---Adders : 
	   2 Input     32 Bit       Adders := 2     
	   2 Input     14 Bit       Adders := 1     
	   2 Input     12 Bit       Adders := 1     
	   2 Input     11 Bit       Adders := 1     
	   2 Input     10 Bit       Adders := 1     
	   2 Input      9 Bit       Adders := 1     
	   2 Input      8 Bit       Adders := 2     
	   2 Input      7 Bit       Adders := 3     
	   4 Input      7 Bit       Adders := 3     
	   3 Input      6 Bit       Adders := 3     
	   2 Input      5 Bit       Adders := 7     
	   4 Input      5 Bit       Adders := 3     
	   2 Input      4 Bit       Adders := 13    
	   4 Input      4 Bit       Adders := 3     
	   2 Input      3 Bit       Adders := 2     
	   2 Input      2 Bit       Adders := 2     
+---XORs : 
	   2 Input      1 Bit         XORs := 5     
	   4 Input      1 Bit         XORs := 1     
+---Registers : 
	              168 Bit    Registers := 1     
	               32 Bit    Registers := 2     
	               14 Bit    Registers := 1     
	               12 Bit    Registers := 1     
	               11 Bit    Registers := 1     
	               10 Bit    Registers := 1     
	                9 Bit    Registers := 1     
	                8 Bit    Registers := 2     
	                5 Bit    Registers := 7     
	                4 Bit    Registers := 8     
	                3 Bit    Registers := 382   
	                2 Bit    Registers := 7     
	                1 Bit    Registers := 401   
+---RAMs : 
	              46K Bit         RAMs := 1     
+---Muxes : 
	   2 Input     32 Bit        Muxes := 3     
	   2 Input     31 Bit        Muxes := 1     
	   5 Input     14 Bit        Muxes := 1     
	   2 Input     10 Bit        Muxes := 1     
	   2 Input      9 Bit        Muxes := 1     
	   2 Input      8 Bit        Muxes := 10    
	   5 Input      8 Bit        Muxes := 2     
	   8 Input      8 Bit        Muxes := 1     
	  13 Input      7 Bit        Muxes := 1     
	   2 Input      7 Bit        Muxes := 3     
	  11 Input      7 Bit        Muxes := 2     
	  12 Input      7 Bit        Muxes := 2     
	   4 Input      5 Bit        Muxes := 1     
	   2 Input      5 Bit        Muxes := 11    
	   2 Input      4 Bit        Muxes := 3     
	   7 Input      3 Bit        Muxes := 1     
	   6 Input      3 Bit        Muxes := 2     
	   2 Input      3 Bit        Muxes := 378   
	   5 Input      3 Bit        Muxes := 2     
	   3 Input      3 Bit        Muxes := 1     
	   6 Input      2 Bit        Muxes := 1     
	   2 Input      2 Bit        Muxes := 6     
	   4 Input      2 Bit        Muxes := 4     
	   5 Input      2 Bit        Muxes := 3     
	   2 Input      1 Bit        Muxes := 3888  
	   4 Input      1 Bit        Muxes := 5     
	   3 Input      1 Bit        Muxes := 2     
	  15 Input      1 Bit        Muxes := 1     
	   5 Input      1 Bit        Muxes := 10    
	   8 Input      1 Bit        Muxes := 1     
---------------------------------------------------------------------------------
Finished RTL Component Statistics 
---------------------------------------------------------------------------------
---------------------------------------------------------------------------------
Start RTL Hierarchical Component Statistics 
---------------------------------------------------------------------------------
Hierarchical RTL Component report 
Module anti_rebond 
Detailed RTL Component Info : 
+---XORs : 
	   2 Input      1 Bit         XORs := 1     
+---Registers : 
	                1 Bit    Registers := 2     
Module random_gen_V1 
Detailed RTL Component Info : 
+---Adders : 
	   2 Input     11 Bit       Adders := 1     
	   2 Input      9 Bit       Adders := 1     
+---XORs : 
	   4 Input      1 Bit         XORs := 1     
+---Registers : 
	              168 Bit    Registers := 1     
	               11 Bit    Registers := 1     
	                9 Bit    Registers := 1     
+---Muxes : 
	   2 Input      1 Bit        Muxes := 1     
Module Gestion_temps 
Detailed RTL Component Info : 
+---Adders : 
	   2 Input     32 Bit       Adders := 2     
+---Registers : 
	               32 Bit    Registers := 2     
	                1 Bit    Registers := 4     
+---Muxes : 
	   2 Input     32 Bit        Muxes := 3     
	   7 Input      3 Bit        Muxes := 1     
	   6 Input      3 Bit        Muxes := 1     
	   6 Input      2 Bit        Muxes := 1     
	   2 Input      2 Bit        Muxes := 4     
	   4 Input      2 Bit        Muxes := 4     
	   2 Input      1 Bit        Muxes := 12    
	   4 Input      1 Bit        Muxes := 2     
	   3 Input      1 Bit        Muxes := 2     
Module Controller 
Detailed RTL Component Info : 
+---Adders : 
	   2 Input      5 Bit       Adders := 1     
+---Registers : 
	                5 Bit    Registers := 5     
	                4 Bit    Registers := 4     
	                3 Bit    Registers := 2     
	                2 Bit    Registers := 1     
	                1 Bit    Registers := 7     
+---Muxes : 
	   2 Input     31 Bit        Muxes := 1     
	   2 Input     10 Bit        Muxes := 1     
	   4 Input      5 Bit        Muxes := 1     
	   5 Input      2 Bit        Muxes := 1     
	   2 Input      1 Bit        Muxes := 3     
	   4 Input      1 Bit        Muxes := 3     
Module Board_Controller 
Detailed RTL Component Info : 
+---Adders : 
	   2 Input      7 Bit       Adders := 3     
	   4 Input      7 Bit       Adders := 3     
	   3 Input      6 Bit       Adders := 3     
	   2 Input      5 Bit       Adders := 5     
	   4 Input      5 Bit       Adders := 3     
	   2 Input      4 Bit       Adders := 12    
	   4 Input      4 Bit       Adders := 3     
+---Registers : 
	                5 Bit    Registers := 1     
	                3 Bit    Registers := 375   
	                1 Bit    Registers := 375   
+---Muxes : 
	   2 Input      5 Bit        Muxes := 10    
	   2 Input      4 Bit        Muxes := 2     
	   2 Input      3 Bit        Muxes := 364   
	   2 Input      1 Bit        Muxes := 3865  
	  15 Input      1 Bit        Muxes := 1     
	   5 Input      1 Bit        Muxes := 1     
Module Affichage 
Detailed RTL Component Info : 
+---Adders : 
	   2 Input      8 Bit       Adders := 2     
	   2 Input      5 Bit       Adders := 1     
	   2 Input      4 Bit       Adders := 1     
	   2 Input      3 Bit       Adders := 1     
	   2 Input      2 Bit       Adders := 2     
+---Registers : 
	               14 Bit    Registers := 1     
	                8 Bit    Registers := 2     
	                5 Bit    Registers := 1     
	                4 Bit    Registers := 1     
	                3 Bit    Registers := 2     
	                2 Bit    Registers := 6     
	                1 Bit    Registers := 1     
+---Muxes : 
	   5 Input     14 Bit        Muxes := 1     
	   2 Input      8 Bit        Muxes := 10    
	   5 Input      8 Bit        Muxes := 2     
	   2 Input      5 Bit        Muxes := 1     
	   2 Input      4 Bit        Muxes := 1     
	   2 Input      3 Bit        Muxes := 14    
	   5 Input      3 Bit        Muxes := 2     
	   6 Input      3 Bit        Muxes := 1     
	   3 Input      3 Bit        Muxes := 1     
	   2 Input      2 Bit        Muxes := 2     
	   5 Input      2 Bit        Muxes := 2     
	   2 Input      1 Bit        Muxes := 4     
	   5 Input      1 Bit        Muxes := 9     
Module VGA_bitmap_160x100 
Detailed RTL Component Info : 
+---Adders : 
	   2 Input     14 Bit       Adders := 1     
	   2 Input     12 Bit       Adders := 1     
	   2 Input     10 Bit       Adders := 1     
+---Registers : 
	               12 Bit    Registers := 1     
	               10 Bit    Registers := 1     
	                4 Bit    Registers := 3     
	                3 Bit    Registers := 2     
	                1 Bit    Registers := 4     
+---RAMs : 
	              46K Bit         RAMs := 1     
+---Muxes : 
	   2 Input      9 Bit        Muxes := 1     
	   2 Input      1 Bit        Muxes := 3     
Module Trans 
Detailed RTL Component Info : 
+---Muxes : 
	  13 Input      7 Bit        Muxes := 1     
	   2 Input      7 Bit        Muxes := 3     
	  11 Input      7 Bit        Muxes := 2     
	  12 Input      7 Bit        Muxes := 2     
Module mod8 
Detailed RTL Component Info : 
+---Adders : 
	   2 Input      3 Bit       Adders := 1     
+---Registers : 
	                3 Bit    Registers := 1     
+---Muxes : 
	   8 Input      8 Bit        Muxes := 1     
Module mux8 
Detailed RTL Component Info : 
+---Muxes : 
	   8 Input      1 Bit        Muxes := 1     
---------------------------------------------------------------------------------
Finished RTL Hierarchical Component Statistics
---------------------------------------------------------------------------------
---------------------------------------------------------------------------------
Start Part Resource Summary
---------------------------------------------------------------------------------
Part Resources:
DSPs: 240 (col length:80)
BRAMs: 270 (col length: RAMB18 80 RAMB36 40)
---------------------------------------------------------------------------------
Finished Part Resource Summary
---------------------------------------------------------------------------------
Start Parallel Synthesis Optimization  : Time (s): cpu = 00:00:27 ; elapsed = 00:00:40 . Memory (MB): peak = 1565.223 ; gain = 653.832 ; free physical = 11794 ; free virtual = 29428
---------------------------------------------------------------------------------
Start Cross Boundary Optimization
---------------------------------------------------------------------------------
INFO: [Synth 8-5545] ROM "cmpt" won't be mapped to RAM because address size (32) is larger than maximum supported(18)
INFO: [Synth 8-5545] ROM "Signal_perception" won't be mapped to RAM because address size (32) is larger than maximum supported(18)
INFO: [Synth 8-41] '+' operator could not be merged with '+' operator due to loss of accuracy [/net/e/amouhagir/Desktop/project_Tetris/project_Tetris.srcs/sources_1/new/Board_Controller.vhd:154]
INFO: [Synth 8-41] '+' operator could not be merged with '+' operator due to loss of accuracy [/net/e/amouhagir/Desktop/project_Tetris/project_Tetris.srcs/sources_1/new/Board_Controller.vhd:154]
INFO: [Synth 8-41] '+' operator could not be merged with '+' operator due to loss of accuracy [/net/e/amouhagir/Desktop/project_Tetris/project_Tetris.srcs/sources_1/new/Board_Controller.vhd:154]
INFO: [Synth 8-4471] merging register 'm_reg[1:0]' into 'm_reg[1:0]' [/net/e/amouhagir/Desktop/project_Tetris/project_Tetris.srcs/sources_1/new/Affichage.vhd:200]
INFO: [Synth 8-4471] merging register 'n_reg[1:0]' into 'n_reg[1:0]' [/net/e/amouhagir/Desktop/project_Tetris/project_Tetris.srcs/sources_1/new/Affichage.vhd:196]
INFO: [Synth 8-4471] merging register 'n_reg[1:0]' into 'n_reg[1:0]' [/net/e/amouhagir/Desktop/project_Tetris/project_Tetris.srcs/sources_1/new/Affichage.vhd:196]
INFO: [Synth 8-4471] merging register 'm_reg[1:0]' into 'm_reg[1:0]' [/net/e/amouhagir/Desktop/project_Tetris/project_Tetris.srcs/sources_1/new/Affichage.vhd:200]
DSP Report: Generating DSP ADDR3, operation Mode is: A*(B:0x2).
DSP Report: operator ADDR3 is absorbed into DSP ADDR3.
DSP Report: Generating DSP ADDR0, operation Mode is: C+A*(B:0xa0).
DSP Report: operator ADDR0 is absorbed into DSP ADDR0.
DSP Report: operator ADDR3 is absorbed into DSP ADDR0.
DSP Report: Generating DSP ADDR0, operation Mode is: PCIN+(A:0x0):B2+(C:0x41).
DSP Report: register n_reg is absorbed into DSP ADDR0.
DSP Report: operator ADDR0 is absorbed into DSP ADDR0.
DSP Report: Generating DSP ADDR3, operation Mode is: A*(B:0x2).
DSP Report: operator ADDR3 is absorbed into DSP ADDR3.
DSP Report: Generating DSP ADDR0, operation Mode is: C+A*(B:0xa0).
DSP Report: operator ADDR0 is absorbed into DSP ADDR0.
DSP Report: operator ADDR3 is absorbed into DSP ADDR0.
DSP Report: Generating DSP ADDR0, operation Mode is: PCIN+(A:0x0):B2+(C:0x90).
DSP Report: register n_reg is absorbed into DSP ADDR0.
DSP Report: operator ADDR0 is absorbed into DSP ADDR0.
INFO: [Synth 8-5546] ROM "VGA_hs" won't be mapped to RAM because it is too sparse
INFO: [Synth 8-5546] ROM "v_counter" won't be mapped to RAM because it is too sparse
INFO: [Synth 8-5546] ROM "VGA_vs" won't be mapped to RAM because it is too sparse
INFO: [Synth 8-5546] ROM "TOP_display" won't be mapped to RAM because it is too sparse
INFO: [Synth 8-5546] ROM "TOP_line" won't be mapped to RAM because it is too sparse
---------------------------------------------------------------------------------
Finished Cross Boundary Optimization : Time (s): cpu = 00:00:31 ; elapsed = 00:00:44 . Memory (MB): peak = 1565.223 ; gain = 653.832 ; free physical = 11804 ; free virtual = 29438
---------------------------------------------------------------------------------
Finished Parallel Reinference  : Time (s): cpu = 00:00:31 ; elapsed = 00:00:44 . Memory (MB): peak = 1565.223 ; gain = 653.832 ; free physical = 11804 ; free virtual = 29438

Report RTL Partitions: 
+-+--------------+------------+----------+
| |RTL Partition |Replication |Instances |
+-+--------------+------------+----------+
+-+--------------+------------+----------+
---------------------------------------------------------------------------------
Start ROM, RAM, DSP and Shift Register Reporting
---------------------------------------------------------------------------------

Block RAM:
+------------+----------------+------------------------+---+---+------------------------+---+---+--------------+--------+--------+-------------------+
|Module Name | RTL Object     | PORT A (Depth x Width) | W | R | PORT B (Depth x Width) | W | R | OUT_REG      | RAMB18 | RAMB36 | Hierarchical Name | 
+------------+----------------+------------------------+---+---+------------------------+---+---+--------------+--------+--------+-------------------+
|Total       | VGA/screen_reg | 16 K x 3(READ_FIRST)   | W |   | 16 K x 3(WRITE_FIRST)  |   | R | Port A and B | 1      | 1      | Total/extram__2   | 
+------------+----------------+------------------------+---+---+------------------------+---+---+--------------+--------+--------+-------------------+

Note: The table shows the Block RAMs at the current stage of the synthesis flow. Some Block RAMs may be reimplemented as non Block RAM primitives later in the synthesis flow. Multiple instantiated Block RAMs are reported only once. "Hierarchical Name" reflects the Block RAM name as it appears in the hierarchical module and only part of it is displayed.
DSP:
+------------+--------------------------+--------------+--------+--------+--------+--------+--------+------+------+------+------+-------+------+------+
|Module Name | DSP Mapping              | Neg Edge Clk | A Size | B Size | C Size | D Size | P Size | AREG | BREG | CREG | DREG | ADREG | MREG | PREG | 
+------------+--------------------------+--------------+--------+--------+--------+--------+--------+------+------+------+------+-------+------+------+
|Affichage   | A*(B:0x2)                | No           | 4      | 2      | 48     | 25     | 6      | 0    | 0    | 1    | 1    | 1     | 0    | 0    | 
|Affichage   | C+A*(B:0xa0)             | No           | 10     | 9      | 7      | 25     | 14     | 0    | 0    | 0    | 1    | 1     | 0    | 0    | 
|Affichage   | PCIN+(A:0x0):B2+(C:0x41) | No           | 30     | 2      | 7      | -1     | -1     | 0    | 1    | 0    | 1    | 1     | 0    | 0    | 
|Affichage   | A*(B:0x2)                | No           | 8      | 2      | 48     | 25     | 10     | 0    | 0    | 1    | 1    | 1     | 0    | 0    | 
|Affichage   | C+A*(B:0xa0)             | No           | 13     | 9      | 11     | 25     | 14     | 0    | 0    | 0    | 1    | 1     | 0    | 0    | 
|Affichage   | PCIN+(A:0x0):B2+(C:0x90) | No           | 30     | 2      | 8      | -1     | -1     | 0    | 1    | 0    | 1    | 1     | 0    | 0    | 
+------------+--------------------------+--------------+--------+--------+--------+--------+--------+------+------+------+------+-------+------+------+

Note: The table shows the DSPs inferred at the current stage of the synthesis flow. Some DSP may be reimplemented as non DSP primitives later in the synthesis flow. Multiple instantiated DSPs are reported only once.
---------------------------------------------------------------------------------
Finished ROM, RAM, DSP and Shift Register Reporting
---------------------------------------------------------------------------------
INFO: [Synth 8-3333] propagating constant 1 across sequential element (\Controller/TYPE_NEW_PIECE_reg[Blocks][0][ligne][0] )
INFO: [Synth 8-3333] propagating constant 0 across sequential element (\Controller/TYPE_NEW_PIECE_reg[Blocks][3][col][3] )
WARNING: [Synth 8-3332] Sequential element (\Gestion_temps/random/seed_count_reg[10] ) is unused and will be removed from module Total.
WARNING: [Synth 8-3332] Sequential element (\Gestion_temps/random/seed_count_reg[9] ) is unused and will be removed from module Total.
WARNING: [Synth 8-3332] Sequential element (\Gestion_temps/random/seed_count_reg[8] ) is unused and will be removed from module Total.
WARNING: [Synth 8-3332] Sequential element (\Gestion_temps/random/seed_count_reg[7] ) is unused and will be removed from module Total.
WARNING: [Synth 8-3332] Sequential element (\Gestion_temps/random/seed_count_reg[6] ) is unused and will be removed from module Total.
WARNING: [Synth 8-3332] Sequential element (\Gestion_temps/random/seed_count_reg[5] ) is unused and will be removed from module Total.
WARNING: [Synth 8-3332] Sequential element (\Gestion_temps/random/seed_count_reg[4] ) is unused and will be removed from module Total.
WARNING: [Synth 8-3332] Sequential element (\Gestion_temps/random/seed_count_reg[3] ) is unused and will be removed from module Total.
WARNING: [Synth 8-3332] Sequential element (\Gestion_temps/random/seed_count_reg[2] ) is unused and will be removed from module Total.
WARNING: [Synth 8-3332] Sequential element (\Gestion_temps/random/seed_count_reg[1] ) is unused and will be removed from module Total.
WARNING: [Synth 8-3332] Sequential element (\Gestion_temps/random/seed_count_reg[0] ) is unused and will be removed from module Total.
WARNING: [Synth 8-3332] Sequential element (\Gestion_temps/random/shift_count_reg[8] ) is unused and will be removed from module Total.
WARNING: [Synth 8-3332] Sequential element (\Gestion_temps/random/shift_count_reg[7] ) is unused and will be removed from module Total.
WARNING: [Synth 8-3332] Sequential element (\Gestion_temps/random/shift_count_reg[6] ) is unused and will be removed from module Total.
WARNING: [Synth 8-3332] Sequential element (\Gestion_temps/random/shift_count_reg[5] ) is unused and will be removed from module Total.
WARNING: [Synth 8-3332] Sequential element (\Gestion_temps/random/shift_count_reg[4] ) is unused and will be removed from module Total.
WARNING: [Synth 8-3332] Sequential element (\Gestion_temps/random/shift_count_reg[3] ) is unused and will be removed from module Total.
WARNING: [Synth 8-3332] Sequential element (\Gestion_temps/random/shift_count_reg[2] ) is unused and will be removed from module Total.
WARNING: [Synth 8-3332] Sequential element (\Gestion_temps/random/shift_count_reg[1] ) is unused and will be removed from module Total.
WARNING: [Synth 8-3332] Sequential element (\Gestion_temps/random/shift_count_reg[0] ) is unused and will be removed from module Total.
WARNING: [Synth 8-3332] Sequential element (\Controller/TYPE_NEW_PIECE_reg[shape_P][2] ) is unused and will be removed from module Total.
WARNING: [Synth 8-3332] Sequential element (\Controller/TYPE_NEW_PIECE_reg[shape_P][1] ) is unused and will be removed from module Total.
WARNING: [Synth 8-3332] Sequential element (\Controller/TYPE_NEW_PIECE_reg[shape_P][0] ) is unused and will be removed from module Total.
WARNING: [Synth 8-3332] Sequential element (\Controller/TYPE_NEW_PIECE_reg[Blocks][0][ligne][0] ) is unused and will be removed from module Total.
WARNING: [Synth 8-3332] Sequential element (\Controller/TYPE_NEW_PIECE_reg[Blocks][3][ligne][2] ) is unused and will be removed from module Total.
WARNING: [Synth 8-3332] Sequential element (\Controller/TYPE_NEW_PIECE_reg[Blocks][1][ligne][1] ) is unused and will be removed from module Total.
WARNING: [Synth 8-3332] Sequential element (\Controller/TYPE_NEW_PIECE_reg[Blocks][1][ligne][2] ) is unused and will be removed from module Total.
WARNING: [Synth 8-3332] Sequential element (\Controller/TYPE_NEW_PIECE_reg[Blocks][1][ligne][3] ) is unused and will be removed from module Total.
WARNING: [Synth 8-3332] Sequential element (\Controller/TYPE_NEW_PIECE_reg[Blocks][1][ligne][4] ) is unused and will be removed from module Total.
WARNING: [Synth 8-3332] Sequential element (\Controller/TYPE_NEW_PIECE_reg[Blocks][1][col][2] ) is unused and will be removed from module Total.
WARNING: [Synth 8-3332] Sequential element (\Controller/TYPE_NEW_PIECE_reg[Blocks][1][col][3] ) is unused and will be removed from module Total.
WARNING: [Synth 8-3332] Sequential element (\Controller/TYPE_NEW_PIECE_reg[Blocks][0][ligne][1] ) is unused and will be removed from module Total.
WARNING: [Synth 8-3332] Sequential element (\Controller/TYPE_NEW_PIECE_reg[Blocks][0][ligne][2] ) is unused and will be removed from module Total.
WARNING: [Synth 8-3332] Sequential element (\Controller/TYPE_NEW_PIECE_reg[Blocks][0][ligne][3] ) is unused and will be removed from module Total.
WARNING: [Synth 8-3332] Sequential element (\Controller/TYPE_NEW_PIECE_reg[Blocks][0][ligne][4] ) is unused and will be removed from module Total.
WARNING: [Synth 8-3332] Sequential element (\Controller/TYPE_NEW_PIECE_reg[Blocks][0][col][1] ) is unused and will be removed from module Total.
WARNING: [Synth 8-3332] Sequential element (\Controller/TYPE_NEW_PIECE_reg[Blocks][0][col][2] ) is unused and will be removed from module Total.
WARNING: [Synth 8-3332] Sequential element (\Controller/TYPE_NEW_PIECE_reg[Blocks][0][col][3] ) is unused and will be removed from module Total.
WARNING: [Synth 8-3332] Sequential element (\Controller/TYPE_NEW_PIECE_reg[Blocks][2][ligne][2] ) is unused and will be removed from module Total.
WARNING: [Synth 8-3332] Sequential element (\Controller/TYPE_NEW_PIECE_reg[Blocks][2][ligne][3] ) is unused and will be removed from module Total.
WARNING: [Synth 8-3332] Sequential element (\Controller/TYPE_NEW_PIECE_reg[Blocks][2][ligne][4] ) is unused and will be removed from module Total.
WARNING: [Synth 8-3332] Sequential element (\Controller/TYPE_NEW_PIECE_reg[Blocks][2][col][2] ) is unused and will be removed from module Total.
WARNING: [Synth 8-3332] Sequential element (\Controller/TYPE_NEW_PIECE_reg[Blocks][2][col][3] ) is unused and will be removed from module Total.
WARNING: [Synth 8-3332] Sequential element (\Controller/TYPE_NEW_PIECE_reg[Blocks][3][ligne][3] ) is unused and will be removed from module Total.
WARNING: [Synth 8-3332] Sequential element (\Controller/TYPE_NEW_PIECE_reg[Blocks][3][ligne][4] ) is unused and will be removed from module Total.
WARNING: [Synth 8-3332] Sequential element (\Controller/TYPE_NEW_PIECE_reg[Blocks][3][col][3] ) is unused and will be removed from module Total.
WARNING: [Synth 8-3332] Sequential element (\Controller/TYPE_NEW_PIECE_reg[Blocks][3][col][0] ) is unused and will be removed from module Total.
WARNING: [Synth 8-3332] Sequential element (\Controller/TYPE_NEW_PIECE_reg[Blocks][3][col][2] ) is unused and will be removed from module Total.
WARNING: [Synth 8-3332] Sequential element (\VGA/VGA_red_reg[2] ) is unused and will be removed from module Total.
WARNING: [Synth 8-3332] Sequential element (\VGA/VGA_red_reg[1] ) is unused and will be removed from module Total.
WARNING: [Synth 8-3332] Sequential element (\VGA/VGA_red_reg[0] ) is unused and will be removed from module Total.
WARNING: [Synth 8-3332] Sequential element (\VGA/VGA_green_reg[2] ) is unused and will be removed from module Total.
WARNING: [Synth 8-3332] Sequential element (\VGA/VGA_green_reg[1] ) is unused and will be removed from module Total.
WARNING: [Synth 8-3332] Sequential element (\VGA/VGA_green_reg[0] ) is unused and will be removed from module Total.
WARNING: [Synth 8-3332] Sequential element (\VGA/VGA_blue_reg[2] ) is unused and will be removed from module Total.
WARNING: [Synth 8-3332] Sequential element (\VGA/VGA_blue_reg[1] ) is unused and will be removed from module Total.
WARNING: [Synth 8-3332] Sequential element (\VGA/VGA_blue_reg[0] ) is unused and will be removed from module Total.
---------------------------------------------------------------------------------
Start Area Optimization
---------------------------------------------------------------------------------
WARNING: [Synth 8-3332] Sequential element (\Controller/TYPE_NEW_PIECE_reg[Color][1] ) is unused and will be removed from module Total.
WARNING: [Synth 8-3332] Sequential element (\Controller/TYPE_NEW_PIECE_reg[Blocks][2][ligne][1] ) is unused and will be removed from module Total.
INFO: [Synth 8-3333] propagating constant 0 across sequential element (\Affichage/m_reg[1] )
INFO: [Synth 8-3333] propagating constant 0 across sequential element (\Affichage/n_reg[1] )
INFO: [Synth 8-3333] propagating constant 0 across sequential element (\Affichage/i_reg[7] )
WARNING: [Synth 8-3332] Sequential element (\Affichage/i_reg[7] ) is unused and will be removed from module Total.
WARNING: [Synth 8-3332] Sequential element (\Affichage/m_reg[1] ) is unused and will be removed from module Total.
WARNING: [Synth 8-3332] Sequential element (\Affichage/n_reg[1] ) is unused and will be removed from module Total.
---------------------------------------------------------------------------------
Finished Area Optimization : Time (s): cpu = 00:00:47 ; elapsed = 00:01:00 . Memory (MB): peak = 1675.910 ; gain = 764.520 ; free physical = 11649 ; free virtual = 29283
---------------------------------------------------------------------------------
Finished Parallel Area Optimization  : Time (s): cpu = 00:00:47 ; elapsed = 00:01:00 . Memory (MB): peak = 1675.910 ; gain = 764.520 ; free physical = 11649 ; free virtual = 29283

Report RTL Partitions: 
+-+--------------+------------+----------+
| |RTL Partition |Replication |Instances |
+-+--------------+------------+----------+
+-+--------------+------------+----------+
Finished Parallel Synthesis Optimization  : Time (s): cpu = 00:00:47 ; elapsed = 00:01:00 . Memory (MB): peak = 1675.910 ; gain = 764.520 ; free physical = 11649 ; free virtual = 29283
---------------------------------------------------------------------------------
Start Timing Optimization
---------------------------------------------------------------------------------
---------------------------------------------------------------------------------
Start Applying XDC Timing Constraints
---------------------------------------------------------------------------------
incorrect argument "-dict" for "set_property" at line 7 of file /net/e/amouhagir/Desktop/project_Tetris/project_Tetris.srcs/constrs_1/new/Tetris_DDR.xdc
incorrect set of required parameters for "set_property" at line 7 of file /net/e/amouhagir/Desktop/project_Tetris/project_Tetris.srcs/constrs_1/new/Tetris_DDR.xdc
---------------------------------------------------------------------
Usage:
  set_property
    [-help]
    [-quiet]
    attribute
    value
    object
    [{>|>>} <stdoutFile>]
---------------------------------------------------------------------
incorrect argument "-dict" for "set_property" at line 60 of file /net/e/amouhagir/Desktop/project_Tetris/project_Tetris.srcs/constrs_1/new/Tetris_DDR.xdc
incorrect set of required parameters for "set_property" at line 60 of file /net/e/amouhagir/Desktop/project_Tetris/project_Tetris.srcs/constrs_1/new/Tetris_DDR.xdc
---------------------------------------------------------------------
Usage:
  set_property
    [-help]
    [-quiet]
    attribute
    value
    object
    [{>|>>} <stdoutFile>]
---------------------------------------------------------------------
incorrect argument "-dict" for "set_property" at line 61 of file /net/e/amouhagir/Desktop/project_Tetris/project_Tetris.srcs/constrs_1/new/Tetris_DDR.xdc
incorrect set of required parameters for "set_property" at line 61 of file /net/e/amouhagir/Desktop/project_Tetris/project_Tetris.srcs/constrs_1/new/Tetris_DDR.xdc
---------------------------------------------------------------------
Usage:
  set_property
    [-help]
    [-quiet]
    attribute
    value
    object
    [{>|>>} <stdoutFile>]
---------------------------------------------------------------------
incorrect argument "-dict" for "set_property" at line 62 of file /net/e/amouhagir/Desktop/project_Tetris/project_Tetris.srcs/constrs_1/new/Tetris_DDR.xdc
incorrect set of required parameters for "set_property" at line 62 of file /net/e/amouhagir/Desktop/project_Tetris/project_Tetris.srcs/constrs_1/new/Tetris_DDR.xdc
---------------------------------------------------------------------
Usage:
  set_property
    [-help]
    [-quiet]
    attribute
    value
    object
    [{>|>>} <stdoutFile>]
---------------------------------------------------------------------
incorrect argument "-dict" for "set_property" at line 63 of file /net/e/amouhagir/Desktop/project_Tetris/project_Tetris.srcs/constrs_1/new/Tetris_DDR.xdc
incorrect set of required parameters for "set_property" at line 63 of file /net/e/amouhagir/Desktop/project_Tetris/project_Tetris.srcs/constrs_1/new/Tetris_DDR.xdc
---------------------------------------------------------------------
Usage:
  set_property
    [-help]
    [-quiet]
    attribute
    value
    object
    [{>|>>} <stdoutFile>]
---------------------------------------------------------------------
incorrect argument "-dict" for "set_property" at line 64 of file /net/e/amouhagir/Desktop/project_Tetris/project_Tetris.srcs/constrs_1/new/Tetris_DDR.xdc
incorrect set of required parameters for "set_property" at line 64 of file /net/e/amouhagir/Desktop/project_Tetris/project_Tetris.srcs/constrs_1/new/Tetris_DDR.xdc
---------------------------------------------------------------------
Usage:
  set_property
    [-help]
    [-quiet]
    attribute
    value
    object
    [{>|>>} <stdoutFile>]
---------------------------------------------------------------------
incorrect argument "-dict" for "set_property" at line 65 of file /net/e/amouhagir/Desktop/project_Tetris/project_Tetris.srcs/constrs_1/new/Tetris_DDR.xdc
incorrect set of required parameters for "set_property" at line 65 of file /net/e/amouhagir/Desktop/project_Tetris/project_Tetris.srcs/constrs_1/new/Tetris_DDR.xdc
---------------------------------------------------------------------
Usage:
  set_property
    [-help]
    [-quiet]
    attribute
    value
    object
    [{>|>>} <stdoutFile>]
---------------------------------------------------------------------
incorrect argument "-dict" for "set_property" at line 66 of file /net/e/amouhagir/Desktop/project_Tetris/project_Tetris.srcs/constrs_1/new/Tetris_DDR.xdc
incorrect set of required parameters for "set_property" at line 66 of file /net/e/amouhagir/Desktop/project_Tetris/project_Tetris.srcs/constrs_1/new/Tetris_DDR.xdc
---------------------------------------------------------------------
Usage:
  set_property
    [-help]
    [-quiet]
    attribute
    value
    object
    [{>|>>} <stdoutFile>]
---------------------------------------------------------------------
incorrect argument "-dict" for "set_property" at line 68 of file /net/e/amouhagir/Desktop/project_Tetris/project_Tetris.srcs/constrs_1/new/Tetris_DDR.xdc
incorrect set of required parameters for "set_property" at line 68 of file /net/e/amouhagir/Desktop/project_Tetris/project_Tetris.srcs/constrs_1/new/Tetris_DDR.xdc
---------------------------------------------------------------------
Usage:
  set_property
    [-help]
    [-quiet]
    attribute
    value
    object
    [{>|>>} <stdoutFile>]
---------------------------------------------------------------------
incorrect argument "-dict" for "set_property" at line 70 of file /net/e/amouhagir/Desktop/project_Tetris/project_Tetris.srcs/constrs_1/new/Tetris_DDR.xdc
incorrect set of required parameters for "set_property" at line 70 of file /net/e/amouhagir/Desktop/project_Tetris/project_Tetris.srcs/constrs_1/new/Tetris_DDR.xdc
---------------------------------------------------------------------
Usage:
  set_property
    [-help]
    [-quiet]
    attribute
    value
    object
    [{>|>>} <stdoutFile>]
---------------------------------------------------------------------
incorrect argument "-dict" for "set_property" at line 71 of file /net/e/amouhagir/Desktop/project_Tetris/project_Tetris.srcs/constrs_1/new/Tetris_DDR.xdc
incorrect set of required parameters for "set_property" at line 71 of file /net/e/amouhagir/Desktop/project_Tetris/project_Tetris.srcs/constrs_1/new/Tetris_DDR.xdc
---------------------------------------------------------------------
Usage:
  set_property
    [-help]
    [-quiet]
    attribute
    value
    object
    [{>|>>} <stdoutFile>]
---------------------------------------------------------------------
incorrect argument "-dict" for "set_property" at line 72 of file /net/e/amouhagir/Desktop/project_Tetris/project_Tetris.srcs/constrs_1/new/Tetris_DDR.xdc
incorrect set of required parameters for "set_property" at line 72 of file /net/e/amouhagir/Desktop/project_Tetris/project_Tetris.srcs/constrs_1/new/Tetris_DDR.xdc
---------------------------------------------------------------------
Usage:
  set_property
    [-help]
    [-quiet]
    attribute
    value
    object
    [{>|>>} <stdoutFile>]
---------------------------------------------------------------------
incorrect argument "-dict" for "set_property" at line 73 of file /net/e/amouhagir/Desktop/project_Tetris/project_Tetris.srcs/constrs_1/new/Tetris_DDR.xdc
incorrect set of required parameters for "set_property" at line 73 of file /net/e/amouhagir/Desktop/project_Tetris/project_Tetris.srcs/constrs_1/new/Tetris_DDR.xdc
---------------------------------------------------------------------
Usage:
  set_property
    [-help]
    [-quiet]
    attribute
    value
    object
    [{>|>>} <stdoutFile>]
---------------------------------------------------------------------
incorrect argument "-dict" for "set_property" at line 74 of file /net/e/amouhagir/Desktop/project_Tetris/project_Tetris.srcs/constrs_1/new/Tetris_DDR.xdc
incorrect set of required parameters for "set_property" at line 74 of file /net/e/amouhagir/Desktop/project_Tetris/project_Tetris.srcs/constrs_1/new/Tetris_DDR.xdc
---------------------------------------------------------------------
Usage:
  set_property
    [-help]
    [-quiet]
    attribute
    value
    object
    [{>|>>} <stdoutFile>]
---------------------------------------------------------------------
incorrect argument "-dict" for "set_property" at line 75 of file /net/e/amouhagir/Desktop/project_Tetris/project_Tetris.srcs/constrs_1/new/Tetris_DDR.xdc
incorrect set of required parameters for "set_property" at line 75 of file /net/e/amouhagir/Desktop/project_Tetris/project_Tetris.srcs/constrs_1/new/Tetris_DDR.xdc
---------------------------------------------------------------------
Usage:
  set_property
    [-help]
    [-quiet]
    attribute
    value
    object
    [{>|>>} <stdoutFile>]
---------------------------------------------------------------------
incorrect argument "-dict" for "set_property" at line 76 of file /net/e/amouhagir/Desktop/project_Tetris/project_Tetris.srcs/constrs_1/new/Tetris_DDR.xdc
incorrect set of required parameters for "set_property" at line 76 of file /net/e/amouhagir/Desktop/project_Tetris/project_Tetris.srcs/constrs_1/new/Tetris_DDR.xdc
---------------------------------------------------------------------
Usage:
  set_property
    [-help]
    [-quiet]
    attribute
    value
    object
    [{>|>>} <stdoutFile>]
---------------------------------------------------------------------
incorrect argument "-dict" for "set_property" at line 77 of file /net/e/amouhagir/Desktop/project_Tetris/project_Tetris.srcs/constrs_1/new/Tetris_DDR.xdc
incorrect set of required parameters for "set_property" at line 77 of file /net/e/amouhagir/Desktop/project_Tetris/project_Tetris.srcs/constrs_1/new/Tetris_DDR.xdc
---------------------------------------------------------------------
Usage:
  set_property
    [-help]
    [-quiet]
    attribute
    value
    object
    [{>|>>} <stdoutFile>]
---------------------------------------------------------------------
incorrect argument "-dict" for "set_property" at line 82 of file /net/e/amouhagir/Desktop/project_Tetris/project_Tetris.srcs/constrs_1/new/Tetris_DDR.xdc
incorrect set of required parameters for "set_property" at line 82 of file /net/e/amouhagir/Desktop/project_Tetris/project_Tetris.srcs/constrs_1/new/Tetris_DDR.xdc
---------------------------------------------------------------------
Usage:
  set_property
    [-help]
    [-quiet]
    attribute
    value
    object
    [{>|>>} <stdoutFile>]
---------------------------------------------------------------------
incorrect argument "-dict" for "set_property" at line 84 of file /net/e/amouhagir/Desktop/project_Tetris/project_Tetris.srcs/constrs_1/new/Tetris_DDR.xdc
incorrect set of required parameters for "set_property" at line 84 of file /net/e/amouhagir/Desktop/project_Tetris/project_Tetris.srcs/constrs_1/new/Tetris_DDR.xdc
---------------------------------------------------------------------
Usage:
  set_property
    [-help]
    [-quiet]
    attribute
    value
    object
    [{>|>>} <stdoutFile>]
---------------------------------------------------------------------
incorrect argument "-dict" for "set_property" at line 85 of file /net/e/amouhagir/Desktop/project_Tetris/project_Tetris.srcs/constrs_1/new/Tetris_DDR.xdc
incorrect set of required parameters for "set_property" at line 85 of file /net/e/amouhagir/Desktop/project_Tetris/project_Tetris.srcs/constrs_1/new/Tetris_DDR.xdc
---------------------------------------------------------------------
Usage:
  set_property
    [-help]
    [-quiet]
    attribute
    value
    object
    [{>|>>} <stdoutFile>]
---------------------------------------------------------------------
incorrect argument "-dict" for "set_property" at line 86 of file /net/e/amouhagir/Desktop/project_Tetris/project_Tetris.srcs/constrs_1/new/Tetris_DDR.xdc
incorrect set of required parameters for "set_property" at line 86 of file /net/e/amouhagir/Desktop/project_Tetris/project_Tetris.srcs/constrs_1/new/Tetris_DDR.xdc
---------------------------------------------------------------------
Usage:
  set_property
    [-help]
    [-quiet]
    attribute
    value
    object
    [{>|>>} <stdoutFile>]
---------------------------------------------------------------------
incorrect argument "-dict" for "set_property" at line 87 of file /net/e/amouhagir/Desktop/project_Tetris/project_Tetris.srcs/constrs_1/new/Tetris_DDR.xdc
incorrect set of required parameters for "set_property" at line 87 of file /net/e/amouhagir/Desktop/project_Tetris/project_Tetris.srcs/constrs_1/new/Tetris_DDR.xdc
---------------------------------------------------------------------
Usage:
  set_property
    [-help]
    [-quiet]
    attribute
    value
    object
    [{>|>>} <stdoutFile>]
---------------------------------------------------------------------
incorrect argument "-dict" for "set_property" at line 88 of file /net/e/amouhagir/Desktop/project_Tetris/project_Tetris.srcs/constrs_1/new/Tetris_DDR.xdc
incorrect set of required parameters for "set_property" at line 88 of file /net/e/amouhagir/Desktop/project_Tetris/project_Tetris.srcs/constrs_1/new/Tetris_DDR.xdc
---------------------------------------------------------------------
Usage:
  set_property
    [-help]
    [-quiet]
    attribute
    value
    object
    [{>|>>} <stdoutFile>]
---------------------------------------------------------------------
incorrect argument "-dict" for "set_property" at line 156 of file /net/e/amouhagir/Desktop/project_Tetris/project_Tetris.srcs/constrs_1/new/Tetris_DDR.xdc
incorrect set of required parameters for "set_property" at line 156 of file /net/e/amouhagir/Desktop/project_Tetris/project_Tetris.srcs/constrs_1/new/Tetris_DDR.xdc
---------------------------------------------------------------------
Usage:
  set_property
    [-help]
    [-quiet]
    attribute
    value
    object
    [{>|>>} <stdoutFile>]
---------------------------------------------------------------------
incorrect argument "-dict" for "set_property" at line 157 of file /net/e/amouhagir/Desktop/project_Tetris/project_Tetris.srcs/constrs_1/new/Tetris_DDR.xdc
incorrect set of required parameters for "set_property" at line 157 of file /net/e/amouhagir/Desktop/project_Tetris/project_Tetris.srcs/constrs_1/new/Tetris_DDR.xdc
---------------------------------------------------------------------
Usage:
  set_property
    [-help]
    [-quiet]
    attribute
    value
    object
    [{>|>>} <stdoutFile>]
---------------------------------------------------------------------
incorrect argument "-dict" for "set_property" at line 158 of file /net/e/amouhagir/Desktop/project_Tetris/project_Tetris.srcs/constrs_1/new/Tetris_DDR.xdc
incorrect set of required parameters for "set_property" at line 158 of file /net/e/amouhagir/Desktop/project_Tetris/project_Tetris.srcs/constrs_1/new/Tetris_DDR.xdc
---------------------------------------------------------------------
Usage:
  set_property
    [-help]
    [-quiet]
    attribute
    value
    object
    [{>|>>} <stdoutFile>]
---------------------------------------------------------------------
incorrect argument "-dict" for "set_property" at line 159 of file /net/e/amouhagir/Desktop/project_Tetris/project_Tetris.srcs/constrs_1/new/Tetris_DDR.xdc
incorrect set of required parameters for "set_property" at line 159 of file /net/e/amouhagir/Desktop/project_Tetris/project_Tetris.srcs/constrs_1/new/Tetris_DDR.xdc
---------------------------------------------------------------------
Usage:
  set_property
    [-help]
    [-quiet]
    attribute
    value
    object
    [{>|>>} <stdoutFile>]
---------------------------------------------------------------------
incorrect argument "-dict" for "set_property" at line 161 of file /net/e/amouhagir/Desktop/project_Tetris/project_Tetris.srcs/constrs_1/new/Tetris_DDR.xdc
incorrect set of required parameters for "set_property" at line 161 of file /net/e/amouhagir/Desktop/project_Tetris/project_Tetris.srcs/constrs_1/new/Tetris_DDR.xdc
---------------------------------------------------------------------
Usage:
  set_property
    [-help]
    [-quiet]
    attribute
    value
    object
    [{>|>>} <stdoutFile>]
---------------------------------------------------------------------
incorrect argument "-dict" for "set_property" at line 162 of file /net/e/amouhagir/Desktop/project_Tetris/project_Tetris.srcs/constrs_1/new/Tetris_DDR.xdc
incorrect set of required parameters for "set_property" at line 162 of file /net/e/amouhagir/Desktop/project_Tetris/project_Tetris.srcs/constrs_1/new/Tetris_DDR.xdc
---------------------------------------------------------------------
Usage:
  set_property
    [-help]
    [-quiet]
    attribute
    value
    object
    [{>|>>} <stdoutFile>]
---------------------------------------------------------------------
incorrect argument "-dict" for "set_property" at line 163 of file /net/e/amouhagir/Desktop/project_Tetris/project_Tetris.srcs/constrs_1/new/Tetris_DDR.xdc
incorrect set of required parameters for "set_property" at line 163 of file /net/e/amouhagir/Desktop/project_Tetris/project_Tetris.srcs/constrs_1/new/Tetris_DDR.xdc
---------------------------------------------------------------------
Usage:
  set_property
    [-help]
    [-quiet]
    attribute
    value
    object
    [{>|>>} <stdoutFile>]
---------------------------------------------------------------------
incorrect argument "-dict" for "set_property" at line 164 of file /net/e/amouhagir/Desktop/project_Tetris/project_Tetris.srcs/constrs_1/new/Tetris_DDR.xdc
incorrect set of required parameters for "set_property" at line 164 of file /net/e/amouhagir/Desktop/project_Tetris/project_Tetris.srcs/constrs_1/new/Tetris_DDR.xdc
---------------------------------------------------------------------
Usage:
  set_property
    [-help]
    [-quiet]
    attribute
    value
    object
    [{>|>>} <stdoutFile>]
---------------------------------------------------------------------
incorrect argument "-dict" for "set_property" at line 166 of file /net/e/amouhagir/Desktop/project_Tetris/project_Tetris.srcs/constrs_1/new/Tetris_DDR.xdc
incorrect set of required parameters for "set_property" at line 166 of file /net/e/amouhagir/Desktop/project_Tetris/project_Tetris.srcs/constrs_1/new/Tetris_DDR.xdc
---------------------------------------------------------------------
Usage:
  set_property
    [-help]
    [-quiet]
    attribute
    value
    object
    [{>|>>} <stdoutFile>]
---------------------------------------------------------------------
incorrect argument "-dict" for "set_property" at line 167 of file /net/e/amouhagir/Desktop/project_Tetris/project_Tetris.srcs/constrs_1/new/Tetris_DDR.xdc
incorrect set of required parameters for "set_property" at line 167 of file /net/e/amouhagir/Desktop/project_Tetris/project_Tetris.srcs/constrs_1/new/Tetris_DDR.xdc
---------------------------------------------------------------------
Usage:
  set_property
    [-help]
    [-quiet]
    attribute
    value
    object
    [{>|>>} <stdoutFile>]
---------------------------------------------------------------------
incorrect argument "-dict" for "set_property" at line 168 of file /net/e/amouhagir/Desktop/project_Tetris/project_Tetris.srcs/constrs_1/new/Tetris_DDR.xdc
incorrect set of required parameters for "set_property" at line 168 of file /net/e/amouhagir/Desktop/project_Tetris/project_Tetris.srcs/constrs_1/new/Tetris_DDR.xdc
---------------------------------------------------------------------
Usage:
  set_property
    [-help]
    [-quiet]
    attribute
    value
    object
    [{>|>>} <stdoutFile>]
---------------------------------------------------------------------
incorrect argument "-dict" for "set_property" at line 169 of file /net/e/amouhagir/Desktop/project_Tetris/project_Tetris.srcs/constrs_1/new/Tetris_DDR.xdc
incorrect set of required parameters for "set_property" at line 169 of file /net/e/amouhagir/Desktop/project_Tetris/project_Tetris.srcs/constrs_1/new/Tetris_DDR.xdc
---------------------------------------------------------------------
Usage:
  set_property
    [-help]
    [-quiet]
    attribute
    value
    object
    [{>|>>} <stdoutFile>]
---------------------------------------------------------------------
incorrect argument "-dict" for "set_property" at line 171 of file /net/e/amouhagir/Desktop/project_Tetris/project_Tetris.srcs/constrs_1/new/Tetris_DDR.xdc
incorrect set of required parameters for "set_property" at line 171 of file /net/e/amouhagir/Desktop/project_Tetris/project_Tetris.srcs/constrs_1/new/Tetris_DDR.xdc
---------------------------------------------------------------------
Usage:
  set_property
    [-help]
    [-quiet]
    attribute
    value
    object
    [{>|>>} <stdoutFile>]
---------------------------------------------------------------------
incorrect argument "-dict" for "set_property" at line 172 of file /net/e/amouhagir/Desktop/project_Tetris/project_Tetris.srcs/constrs_1/new/Tetris_DDR.xdc
incorrect set of required parameters for "set_property" at line 172 of file /net/e/amouhagir/Desktop/project_Tetris/project_Tetris.srcs/constrs_1/new/Tetris_DDR.xdc
---------------------------------------------------------------------
Usage:
  set_property
    [-help]
    [-quiet]
    attribute
    value
    object
    [{>|>>} <stdoutFile>]
---------------------------------------------------------------------
---------------------------------------------------------------------------------
Finished Applying XDC Timing Constraints : Time (s): cpu = 00:00:56 ; elapsed = 00:01:09 . Memory (MB): peak = 1675.914 ; gain = 764.523 ; free physical = 11647 ; free virtual = 29281
---------------------------------------------------------------------------------
---------------------------------------------------------------------------------
Finished Timing Optimization : Time (s): cpu = 00:00:57 ; elapsed = 00:01:10 . Memory (MB): peak = 1675.914 ; gain = 764.523 ; free physical = 11647 ; free virtual = 29281
---------------------------------------------------------------------------------

Report RTL Partitions: 
+-+--------------+------------+----------+
| |RTL Partition |Replication |Instances |
+-+--------------+------------+----------+
+-+--------------+------------+----------+
---------------------------------------------------------------------------------
Start Technology Mapping
---------------------------------------------------------------------------------
---------------------------------------------------------------------------------
Finished Technology Mapping : Time (s): cpu = 00:01:06 ; elapsed = 00:01:19 . Memory (MB): peak = 1741.910 ; gain = 830.520 ; free physical = 11581 ; free virtual = 29215
---------------------------------------------------------------------------------

Report RTL Partitions: 
+-+--------------+------------+----------+
| |RTL Partition |Replication |Instances |
+-+--------------+------------+----------+
+-+--------------+------------+----------+
---------------------------------------------------------------------------------
Start IO Insertion
---------------------------------------------------------------------------------
---------------------------------------------------------------------------------
Start Final Netlist Cleanup
---------------------------------------------------------------------------------
---------------------------------------------------------------------------------
Finished Final Netlist Cleanup
---------------------------------------------------------------------------------
---------------------------------------------------------------------------------
Finished IO Insertion : Time (s): cpu = 00:01:07 ; elapsed = 00:01:20 . Memory (MB): peak = 1741.910 ; gain = 830.520 ; free physical = 11581 ; free virtual = 29215
---------------------------------------------------------------------------------

Report Check Netlist: 
+------+------------------+-------+---------+-------+------------------+
|      |Item              |Errors |Warnings |Status |Description       |
+------+------------------+-------+---------+-------+------------------+
|1     |multi_driven_nets |      0|        0|Passed |Multi driven nets |
+------+------------------+-------+---------+-------+------------------+
---------------------------------------------------------------------------------
Start Renaming Generated Instances
---------------------------------------------------------------------------------
---------------------------------------------------------------------------------
Finished Renaming Generated Instances : Time (s): cpu = 00:01:07 ; elapsed = 00:01:20 . Memory (MB): peak = 1741.910 ; gain = 830.520 ; free physical = 11581 ; free virtual = 29215
---------------------------------------------------------------------------------

Report RTL Partitions: 
+-+--------------+------------+----------+
| |RTL Partition |Replication |Instances |
+-+--------------+------------+----------+
+-+--------------+------------+----------+
---------------------------------------------------------------------------------
Start Rebuilding User Hierarchy
---------------------------------------------------------------------------------
---------------------------------------------------------------------------------
Finished Rebuilding User Hierarchy : Time (s): cpu = 00:01:08 ; elapsed = 00:01:21 . Memory (MB): peak = 1741.910 ; gain = 830.520 ; free physical = 11581 ; free virtual = 29215
---------------------------------------------------------------------------------
---------------------------------------------------------------------------------
Start Renaming Generated Ports : Time (s): cpu = 00:01:08 ; elapsed = 00:01:21 . Memory (MB): peak = 1741.910 ; gain = 830.520 ; free physical = 11581 ; free virtual = 29215
---------------------------------------------------------------------------------
---------------------------------------------------------------------------------
Finished Renaming Generated Ports : Time (s): cpu = 00:01:08 ; elapsed = 00:01:21 . Memory (MB): peak = 1741.910 ; gain = 830.520 ; free physical = 11581 ; free virtual = 29215
---------------------------------------------------------------------------------
---------------------------------------------------------------------------------
Start ROM, RAM, DSP and Shift Register Reporting
---------------------------------------------------------------------------------

Static Shift Register:
+------------+-----------------------------------------+--------+-------+--------------+--------------------+-------------------+--------+---------+
|Module Name | RTL Name                                | Length | Width | Reset Signal | Pull out first Reg | Pull out last Reg | SRL16E | SRLC32E | 
+------------+-----------------------------------------+--------+-------+--------------+--------------------+-------------------+--------+---------+
|Total       | Gestion_temps/random/shift_reg_reg[166] | 13     | 1     | YES          | NO                 | NO                | 1      | 0       | 
|Total       | Gestion_temps/random/shift_reg_reg[151] | 148    | 1     | YES          | NO                 | NO                | 0      | 5       | 
+------------+-----------------------------------------+--------+-------+--------------+--------------------+-------------------+--------+---------+

---------------------------------------------------------------------------------
Finished ROM, RAM, DSP and Shift Register Reporting
---------------------------------------------------------------------------------
---------------------------------------------------------------------------------
Start Writing Synthesis Report
---------------------------------------------------------------------------------

Report BlackBoxes: 
+-+--------------+----------+
| |BlackBox name |Instances |
+-+--------------+----------+
+-+--------------+----------+

Report Cell Usage: 
+------+-----------+------+
|      |Cell       |Count |
+------+-----------+------+
|1     |BUFG       |     1|
|2     |CARRY4     |    69|
|3     |DSP48E1    |     2|
|4     |DSP48E1_1  |     2|
|5     |DSP48E1_2  |     2|
|6     |LUT1       |   134|
|7     |LUT2       |   459|
|8     |LUT3       |   485|
|9     |LUT4       |   670|
|10    |LUT5       |  1504|
|11    |LUT6       |  4062|
|12    |MUXF7      |   427|
|13    |MUXF8      |    41|
|14    |RAMB18E1_1 |     1|
|15    |RAMB36E1_1 |     1|
|16    |SRL16E     |     1|
|17    |SRLC32E    |     5|
|18    |FDCE       |   641|
|19    |FDPE       |    19|
|20    |FDRE       |  1362|
|21    |FDSE       |     1|
|22    |IBUF       |     7|
|23    |OBUF       |    30|
+------+-----------+------+

Report Instance Areas: 
+------+-------------------+-------------------+------+
|      |Instance           |Module             |Cells |
+------+-------------------+-------------------+------+
|1     |top                |                   |  9926|
|2     |  Affichage        |Affichage          |   404|
|3     |  Afficheur        |Afficheur_7SEG     |    24|
|4     |    mod8           |mod8               |    24|
|5     |  Anti_Rebonds     |Anti_reponds       |    17|
|6     |    Anti_rebond1   |anti_rebond        |     3|
|7     |    Anti_rebond2   |anti_rebond_0      |     3|
|8     |    Anti_rebond3   |anti_rebond_1      |     4|
|9     |    Anti_rebond4   |anti_rebond_2      |     3|
|10    |    Anti_rebond5   |anti_rebond_3      |     4|
|11    |  Board_Controller |Board_Controller   |  7879|
|12    |  Controller       |Controller         |   868|
|13    |  Gestion_temps    |Gestion_temps      |   537|
|14    |    random         |random_gen_V1      |   173|
|15    |  VGA              |VGA_bitmap_160x100 |   158|
+------+-------------------+-------------------+------+
---------------------------------------------------------------------------------
Finished Writing Synthesis Report : Time (s): cpu = 00:01:09 ; elapsed = 00:01:22 . Memory (MB): peak = 1741.910 ; gain = 830.520 ; free physical = 11581 ; free virtual = 29215
---------------------------------------------------------------------------------
Synthesis finished with 0 errors, 0 critical warnings and 62 warnings.
Synthesis Optimization Runtime : Time (s): cpu = 00:01:02 ; elapsed = 00:01:15 . Memory (MB): peak = 1741.910 ; gain = 388.039 ; free physical = 11581 ; free virtual = 29215
Synthesis Optimization Complete : Time (s): cpu = 00:01:09 ; elapsed = 00:01:22 . Memory (MB): peak = 1741.910 ; gain = 830.520 ; free physical = 11581 ; free virtual = 29215
INFO: [Project 1-571] Translating synthesized netlist
INFO: [Netlist 29-17] Analyzing 84 Unisim elements for replacement
INFO: [Netlist 29-28] Unisim Transformation completed in 0 CPU seconds
INFO: [Project 1-570] Preparing netlist for logic optimization
INFO: [Opt 31-138] Pushed 0 inverter(s) to 0 load pin(s).
INFO: [Project 1-111] Unisim Transformation Summary:
No Unisim elements were transformed.

INFO: [Common 17-83] Releasing license: Synthesis
127 Infos, 66 Warnings, 0 Critical Warnings and 0 Errors encountered.
synth_design completed successfully
synth_design: Time (s): cpu = 00:01:08 ; elapsed = 00:01:21 . Memory (MB): peak = 1773.926 ; gain = 747.016 ; free physical = 11580 ; free virtual = 29215
report_utilization: Time (s): cpu = 00:00:00.08 ; elapsed = 00:00:00.11 . Memory (MB): peak = 1806.191 ; gain = 0.000 ; free physical = 11580 ; free virtual = 29216
INFO: [Common 17-206] Exiting Vivado at Thu Jan 10 15:26:54 2019...
